This is TeX, Version 3.14159 (Web2C 7.3.1) (format=latex 2003.7.20)  2 SEP 2003 23:57
**Using_Rmetasim.tex
(Using_Rmetasim.tex
LaTeX2e <2000/06/01>
Babel <v3.7h> and hyphenation patterns for american, french, german, ngerman, n
ohyphenation, loaded.
(/usr/share/texmf/tex/latex/base/article.cls
Document Class: article 2000/05/19 v1.4b Standard LaTeX document class
(/usr/share/texmf/tex/latex/base/size10.clo
File: size10.clo 2000/05/19 v1.4b Standard LaTeX file (size option)
)
\c@part=\count79
\c@section=\count80
\c@subsection=\count81
\c@subsubsection=\count82
\c@paragraph=\count83
\c@subparagraph=\count84
\c@figure=\count85
\c@table=\count86
\abovecaptionskip=\skip41
\belowcaptionskip=\skip42
\bibindent=\dimen102
) (Using_Rmetasim.aux)
\openout1 = `Using_Rmetasim.aux'.

LaTeX Font Info:    Checking defaults for OML/cmm/m/it on input line 5.
LaTeX Font Info:    ... okay on input line 5.
LaTeX Font Info:    Checking defaults for T1/cmr/m/n on input line 5.
LaTeX Font Info:    ... okay on input line 5.
LaTeX Font Info:    Checking defaults for OT1/cmr/m/n on input line 5.
LaTeX Font Info:    ... okay on input line 5.
LaTeX Font Info:    Checking defaults for OMS/cmsy/m/n on input line 5.
LaTeX Font Info:    ... okay on input line 5.
LaTeX Font Info:    Checking defaults for OMX/cmex/m/n on input line 5.
LaTeX Font Info:    ... okay on input line 5.
LaTeX Font Info:    Checking defaults for U/cmr/m/n on input line 5.
LaTeX Font Info:    ... okay on input line 5.
LaTeX Font Info:    External font `cmex10' loaded for size
(Font)              <12> on input line 11.
LaTeX Font Info:    External font `cmex10' loaded for size
(Font)              <8> on input line 11.
LaTeX Font Info:    External font `cmex10' loaded for size
(Font)              <6> on input line 11.
 [1

] [2]
Overfull \hbox (62.49588pt too wide) in paragraph at lines 138--138
 []\OT1/cmtt/m/n/10 0 0 0 1 2 4 5 2   <- stage sex gob loc1a1 loc1a2 loc2a1 loc
2a2 loc3a1 (last locus haploid)[] 
 []

[3] [4] [5] [6]
Overfull \hbox (11.99597pt too wide) in paragraph at lines 283--283
[]\OT1/cmtt/m/n/10 rland <- new.locus(rland,type=0,ploidy=2,mutationrate=0.001,
transmission=0,numalleles=5)[] 
 []


Overfull \hbox (59.24556pt too wide) in paragraph at lines 283--283
[]\OT1/cmtt/m/n/10 rland <- new.locus(rland,type=1,ploidy=1,mutationrate=0.005,
numalleles=3,frequencies=c(.2,.2,.6))[] 
 []


Overfull \hbox (85.49533pt too wide) in paragraph at lines 283--283
[]\OT1/cmtt/m/n/10 rland <- new.locus(rland,type=2,ploidy=2,mutationrate=0.007,
transmission=0,numalleles=6,allelesize=75)[] 
 []

[7] [8] (Using_Rmetasim.aux) ) 
Here is how much of TeX's memory you used:
 227 strings out of 25889
 2272 string characters out of 197390
 49293 words of memory out of 384000
 3230 multiletter control sequences out of 10000+15000
 8409 words of font info for 30 fonts, out of 400000 for 1000
 14 hyphenation exceptions out of 1000
 23i,6n,17p,727b,384s stack positions out of 300i,100n,500p,50000b,4000s

Output written on Using_Rmetasim.dvi (8 pages, 22112 bytes).
